[0.007s] Invoking command in '/home/louis/ros2_ws/build/tutorial_interfaces': CMAKE_PREFIX_PATH=${CMAKE_PREFIX_PATH}:/home/louis/ros2_ws/install/py_srvcli:/home/louis/ros2_ws/install/py_pubsub:/home/louis/ros2_ws/install/my_package:/home/louis/workspaces/ros2_ws/install/launch_testing_examples:/home/louis/workspaces/ros2_ws/install/examples_rclpy_pointcloud_publisher:/home/louis/workspaces/ros2_ws/install/examples_rclpy_minimal_subscriber:/home/louis/workspaces/ros2_ws/install/examples_rclpy_minimal_service:/home/louis/workspaces/ros2_ws/install/examples_rclpy_minimal_publisher:/home/louis/workspaces/ros2_ws/install/examples_rclpy_minimal_client:/home/louis/workspaces/ros2_ws/install/examples_rclpy_minimal_action_server:/home/louis/workspaces/ros2_ws/install/examples_rclpy_minimal_action_client:/home/louis/workspaces/ros2_ws/install/examples_rclpy_guard_conditions:/home/louis/workspaces/ros2_ws/install/examples_rclpy_executors:/opt/ros/humble CONDA_PROMPT_MODIFIER=(base) /usr/bin/cmake /home/louis/ros2_ws/src/tutorial_interfaces -DCMAKE_INSTALL_PREFIX=/home/louis/ros2_ws/install/tutorial_interfaces
[0.016s] -- Found ament_cmake: 1.3.10 (/opt/ros/humble/share/ament_cmake/cmake)
[0.110s] -- Found geometry_msgs: 4.2.4 (/opt/ros/humble/share/geometry_msgs/cmake)
[0.132s] -- Found rosidl_generator_c: 3.1.5 (/opt/ros/humble/share/rosidl_generator_c/cmake)
[0.134s] -- Found rosidl_adapter: 3.1.5 (/opt/ros/humble/share/rosidl_adapter/cmake)
[0.137s] -- Found rosidl_generator_cpp: 3.1.5 (/opt/ros/humble/share/rosidl_generator_cpp/cmake)
[0.144s] -- Using all available rosidl_typesupport_c: rosidl_typesupport_fastrtps_c;rosidl_typesupport_introspection_c
[0.152s] -- Using all available rosidl_typesupport_cpp: rosidl_typesupport_fastrtps_cpp;rosidl_typesupport_introspection_cpp
[0.175s] -- Found rosidl_default_generators: 1.2.0 (/opt/ros/humble/share/rosidl_default_generators/cmake)
[0.253s] [31mCMake Error at /opt/ros/humble/share/rosidl_adapter/cmake/rosidl_adapt_interfaces.cmake:59 (message):
[0.253s]   execute_process(/home/louis/miniconda3/bin/python3 -m rosidl_adapter
[0.253s]   --package-name tutorial_interfaces --arguments-file
[0.253s]   /home/louis/ros2_ws/build/tutorial_interfaces/rosidl_adapter__arguments__tutorial_interfaces.json
[0.253s]   --output-dir
[0.253s]   /home/louis/ros2_ws/build/tutorial_interfaces/rosidl_adapter/tutorial_interfaces
[0.253s]   --output-file
[0.253s]   /home/louis/ros2_ws/build/tutorial_interfaces/rosidl_adapter/tutorial_interfaces.idls)
[0.254s]   returned error code 1:
[0.254s] 
[0.254s]   AttributeError processing template 'msg.idl.em'
[0.254s] 
[0.254s]   Traceback (most recent call last):
[0.254s] 
[0.254s]     File "/opt/ros/humble/local/lib/python3.10/dist-packages/rosidl_adapter/resource/__init__.py", line 48, in evaluate_template
[0.254s]       _interpreter = em.Interpreter(
[0.254s]                      ^^^^^^^^^^^^^^
[0.254s] 
[0.254s]   AttributeError: module 'em' has no attribute 'Interpreter'
[0.254s] 
[0.254s]   
[0.254s] 
[0.254s]   During handling of the above exception, another exception occurred:
[0.254s] 
[0.254s]   
[0.254s] 
[0.254s]   Traceback (most recent call last):
[0.254s] 
[0.254s]     File "<frozen runpy>", line 198, in _run_module_as_main
[0.254s]     File "<frozen runpy>", line 88, in _run_code
[0.254s]     File "/opt/ros/humble/local/lib/python3.10/dist-packages/rosidl_adapter/__main__.py", line 19, in <module>
[0.254s]       sys.exit(main())
[0.254s]                ^^^^^^
[0.255s]     File "/opt/ros/humble/local/lib/python3.10/dist-packages/rosidl_adapter/main.py", line 53, in main
[0.255s]       abs_idl_file = convert_to_idl(
[0.255s]                      ^^^^^^^^^^^^^^^
[0.255s]     File "/opt/ros/humble/local/lib/python3.10/dist-packages/rosidl_adapter/__init__.py", line 19, in convert_to_idl
[0.255s]       return convert_msg_to_idl(
[0.255s]              ^^^^^^^^^^^^^^^^^^^
[0.255s]     File "/opt/ros/humble/local/lib/python3.10/dist-packages/rosidl_adapter/msg/__init__.py", line 39, in convert_msg_to_idl
[0.255s]       expand_template('msg.idl.em', data, output_file, encoding='iso-8859-1')
[0.255s]     File "/opt/ros/humble/local/lib/python3.10/dist-packages/rosidl_adapter/resource/__init__.py", line 23, in expand_template
[0.255s]       content = evaluate_template(template_name, data)
[0.255s]                 ^^^^^^^^^^^^^^^^^^^^^^^^^^^^^^^^^^^^^^
[0.255s]     File "/opt/ros/humble/local/lib/python3.10/dist-packages/rosidl_adapter/resource/__init__.py", line 69, in evaluate_template
[0.255s]       _interpreter.shutdown()
[0.255s]       ^^^^^^^^^^^^^^^^^^^^^
[0.255s] 
[0.255s]   AttributeError: 'NoneType' object has no attribute 'shutdown'
[0.255s] 
[0.255s] Call Stack (most recent call first):
[0.255s]   /opt/ros/humble/share/rosidl_cmake/cmake/rosidl_generate_interfaces.cmake:130 (rosidl_adapt_interfaces)
[0.255s]   CMakeLists.txt:13 (rosidl_generate_interfaces)
[0.255s] 
[0.255s] [0m
[0.255s] -- Configuring incomplete, errors occurred!
[0.255s] See also "/home/louis/ros2_ws/build/tutorial_interfaces/CMakeFiles/CMakeOutput.log".
[0.258s] Invoked command in '/home/louis/ros2_ws/build/tutorial_interfaces' returned '1': CMAKE_PREFIX_PATH=${CMAKE_PREFIX_PATH}:/home/louis/ros2_ws/install/py_srvcli:/home/louis/ros2_ws/install/py_pubsub:/home/louis/ros2_ws/install/my_package:/home/louis/workspaces/ros2_ws/install/launch_testing_examples:/home/louis/workspaces/ros2_ws/install/examples_rclpy_pointcloud_publisher:/home/louis/workspaces/ros2_ws/install/examples_rclpy_minimal_subscriber:/home/louis/workspaces/ros2_ws/install/examples_rclpy_minimal_service:/home/louis/workspaces/ros2_ws/install/examples_rclpy_minimal_publisher:/home/louis/workspaces/ros2_ws/install/examples_rclpy_minimal_client:/home/louis/workspaces/ros2_ws/install/examples_rclpy_minimal_action_server:/home/louis/workspaces/ros2_ws/install/examples_rclpy_minimal_action_client:/home/louis/workspaces/ros2_ws/install/examples_rclpy_guard_conditions:/home/louis/workspaces/ros2_ws/install/examples_rclpy_executors:/opt/ros/humble CONDA_PROMPT_MODIFIER=(base) /usr/bin/cmake /home/louis/ros2_ws/src/tutorial_interfaces -DCMAKE_INSTALL_PREFIX=/home/louis/ros2_ws/install/tutorial_interfaces
