[0.000000] (-) TimerEvent: {}
[0.000232] (-) JobUnselected: {'identifier': 'my_package'}
[0.000263] (-) JobUnselected: {'identifier': 'py_pubsub'}
[0.000281] (-) JobUnselected: {'identifier': 'py_srvcli'}
[0.000296] (tutorial_interfaces) JobQueued: {'identifier': 'tutorial_interfaces', 'dependencies': OrderedDict()}
[0.000310] (tutorial_interfaces) JobStarted: {'identifier': 'tutorial_interfaces'}
[0.005900] (tutorial_interfaces) JobProgress: {'identifier': 'tutorial_interfaces', 'progress': 'cmake'}
[0.006375] (tutorial_interfaces) Command: {'cmd': ['/usr/bin/cmake', '/home/louis/ros2_ws/src/tutorial_interfaces', '-DCMAKE_INSTALL_PREFIX=/home/louis/ros2_ws/install/tutorial_interfaces'], 'cwd': '/home/louis/ros2_ws/build/tutorial_interfaces', 'env': OrderedDict([('LESSOPEN', '| /usr/bin/lesspipe %s'), ('CONDA_PROMPT_MODIFIER', '(base)'), ('LANGUAGE', 'en_PH:en'), ('USER', 'louis'), ('XDG_SESSION_TYPE', 'x11'), ('SHLVL', '1'), ('LD_LIBRARY_PATH', '/home/louis/workspaces/ros2_ws/install/examples_rclcpp_wait_set/lib:/home/louis/workspaces/ros2_ws/install/examples_rclcpp_minimal_subscriber/lib:/home/louis/workspaces/ros2_ws/install/examples_rclcpp_minimal_composition/lib:/opt/ros/humble/opt/rviz_ogre_vendor/lib:/opt/ros/humble/lib/x86_64-linux-gnu:/opt/ros/humble/lib'), ('HOME', '/home/louis'), ('CONDA_SHLVL', '1'), ('OLDPWD', '/home/louis/ros2_ws/src/tutorial_interfaces'), ('DESKTOP_SESSION', 'ubuntu'), ('ROS_PYTHON_VERSION', '3'), ('GNOME_SHELL_SESSION_MODE', 'ubuntu'), ('GTK_MODULES', 'gail:atk-bridge'), ('SYSTEMD_EXEC_PID', '4238'), ('DBUS_SESSION_BUS_ADDRESS', 'unix:path=/run/user/1000/bus'), ('COLORTERM', 'truecolor'), ('_CE_M', ''), ('COLCON_PREFIX_PATH', '/home/louis/ros2_ws/install:/home/louis/workspaces/ros2_ws/install'), ('ROS_DISTRO', 'humble'), ('GTK_IM_MODULE', 'ibus'), ('LOGNAME', 'louis'), ('ISAAC_SIM', '/home/louis/.local/share/ov/pkg/isaac-sim-4.2.0'), ('_', '/usr/bin/colcon'), ('ROS_VERSION', '2'), ('XDG_SESSION_CLASS', 'user'), ('USERNAME', 'louis'), ('TERM', 'xterm-256color'), ('GNOME_DESKTOP_SESSION_ID', 'this-is-deprecated'), ('ISAAC_ROS_WS', '/home/louis/workspaces/isaac_ros-dev/'), ('_CE_CONDA', ''), ('ROS_LOCALHOST_ONLY', '0'), ('WINDOWPATH', '2'), ('PATH', '/home/louis/miniconda3/bin:/home/louis/miniconda3/condabin:/opt/ros/humble/bin:/home/louis/.local/bin:/usr/local/sbin:/usr/local/bin:/usr/sbin:/usr/bin:/sbin:/bin:/usr/games:/usr/local/games:/snap/bin:/snap/bin'), ('SESSION_MANAGER', 'local/louis:@/tmp/.ICE-unix/1950,unix/louis:/tmp/.ICE-unix/1950'), ('XDG_MENU_PREFIX', 'gnome-'), ('GNOME_TERMINAL_SCREEN', '/org/gnome/Terminal/screen/ffda7a39_565b_46e3_9742_1bbbebcf5c62'), ('XDG_RUNTIME_DIR', '/run/user/1000'), ('DISPLAY', ':0'), ('LANG', 'en_US.UTF-8'), ('XDG_CURRENT_DESKTOP', 'ubuntu:GNOME'), ('XMODIFIERS', '@im=ibus'), ('XDG_SESSION_DESKTOP', 'ubuntu'), ('XAUTHORITY', '/run/user/1000/gdm/Xauthority'), ('LS_COLORS', 'rs=0:di=01;34:ln=01;36:mh=00:pi=40;33:so=01;35:do=01;35:bd=40;33;01:cd=40;33;01:or=40;31;01:mi=00:su=37;41:sg=30;43:ca=30;41:tw=30;42:ow=34;42:st=37;44:ex=01;32:*.tar=01;31:*.tgz=01;31:*.arc=01;31:*.arj=01;31:*.taz=01;31:*.lha=01;31:*.lz4=01;31:*.lzh=01;31:*.lzma=01;31:*.tlz=01;31:*.txz=01;31:*.tzo=01;31:*.t7z=01;31:*.zip=01;31:*.z=01;31:*.dz=01;31:*.gz=01;31:*.lrz=01;31:*.lz=01;31:*.lzo=01;31:*.xz=01;31:*.zst=01;31:*.tzst=01;31:*.bz2=01;31:*.bz=01;31:*.tbz=01;31:*.tbz2=01;31:*.tz=01;31:*.deb=01;31:*.rpm=01;31:*.jar=01;31:*.war=01;31:*.ear=01;31:*.sar=01;31:*.rar=01;31:*.alz=01;31:*.ace=01;31:*.zoo=01;31:*.cpio=01;31:*.7z=01;31:*.rz=01;31:*.cab=01;31:*.wim=01;31:*.swm=01;31:*.dwm=01;31:*.esd=01;31:*.jpg=01;35:*.jpeg=01;35:*.mjpg=01;35:*.mjpeg=01;35:*.gif=01;35:*.bmp=01;35:*.pbm=01;35:*.pgm=01;35:*.ppm=01;35:*.tga=01;35:*.xbm=01;35:*.xpm=01;35:*.tif=01;35:*.tiff=01;35:*.png=01;35:*.svg=01;35:*.svgz=01;35:*.mng=01;35:*.pcx=01;35:*.mov=01;35:*.mpg=01;35:*.mpeg=01;35:*.m2v=01;35:*.mkv=01;35:*.webm=01;35:*.webp=01;35:*.ogm=01;35:*.mp4=01;35:*.m4v=01;35:*.mp4v=01;35:*.vob=01;35:*.qt=01;35:*.nuv=01;35:*.wmv=01;35:*.asf=01;35:*.rm=01;35:*.rmvb=01;35:*.flc=01;35:*.avi=01;35:*.fli=01;35:*.flv=01;35:*.gl=01;35:*.dl=01;35:*.xcf=01;35:*.xwd=01;35:*.yuv=01;35:*.cgm=01;35:*.emf=01;35:*.ogv=01;35:*.ogx=01;35:*.aac=00;36:*.au=00;36:*.flac=00;36:*.m4a=00;36:*.mid=00;36:*.midi=00;36:*.mka=00;36:*.mp3=00;36:*.mpc=00;36:*.ogg=00;36:*.ra=00;36:*.wav=00;36:*.oga=00;36:*.opus=00;36:*.spx=00;36:*.xspf=00;36:'), ('GNOME_TERMINAL_SERVICE', ':1.102'), ('SSH_AGENT_LAUNCHER', 'gnome-keyring'), ('SSH_AUTH_SOCK', '/run/user/1000/keyring/ssh'), ('AMENT_PREFIX_PATH', '/home/louis/ros2_ws/install/py_srvcli:/home/louis/ros2_ws/install/py_pubsub:/home/louis/ros2_ws/install/my_package:/home/louis/workspaces/ros2_ws/install/launch_testing_examples:/home/louis/workspaces/ros2_ws/install/examples_rclpy_pointcloud_publisher:/home/louis/workspaces/ros2_ws/install/examples_rclpy_minimal_subscriber:/home/louis/workspaces/ros2_ws/install/examples_rclpy_minimal_service:/home/louis/workspaces/ros2_ws/install/examples_rclpy_minimal_publisher:/home/louis/workspaces/ros2_ws/install/examples_rclpy_minimal_client:/home/louis/workspaces/ros2_ws/install/examples_rclpy_minimal_action_server:/home/louis/workspaces/ros2_ws/install/examples_rclpy_minimal_action_client:/home/louis/workspaces/ros2_ws/install/examples_rclpy_guard_conditions:/home/louis/workspaces/ros2_ws/install/examples_rclpy_executors:/home/louis/workspaces/ros2_ws/install/examples_rclcpp_wait_set:/home/louis/workspaces/ros2_ws/install/examples_rclcpp_multithreaded_executor:/home/louis/workspaces/ros2_ws/install/examples_rclcpp_minimal_timer:/home/louis/workspaces/ros2_ws/install/examples_rclcpp_minimal_subscriber:/home/louis/workspaces/ros2_ws/install/examples_rclcpp_minimal_service:/home/louis/workspaces/ros2_ws/install/examples_rclcpp_minimal_publisher:/home/louis/workspaces/ros2_ws/install/examples_rclcpp_minimal_composition:/home/louis/workspaces/ros2_ws/install/examples_rclcpp_minimal_client:/home/louis/workspaces/ros2_ws/install/examples_rclcpp_minimal_action_server:/home/louis/workspaces/ros2_ws/install/examples_rclcpp_minimal_action_client:/home/louis/workspaces/ros2_ws/install/examples_rclcpp_cbg_executor:/home/louis/workspaces/ros2_ws/install/examples_rclcpp_async_client:/opt/ros/humble'), ('CONDA_PYTHON_EXE', '/home/louis/miniconda3/bin/python'), ('SHELL', '/bin/bash'), ('QT_ACCESSIBILITY', '1'), ('GDMSESSION', 'ubuntu'), ('LESSCLOSE', '/usr/bin/lesspipe %s %s'), ('ISAAC_LAB', '/home/louis/Desktop/nabi-core/IsaacLab'), ('CONDA_DEFAULT_ENV', 'base'), ('GPG_AGENT_INFO', '/run/user/1000/gnupg/S.gpg-agent:0:1'), ('QT_IM_MODULE', 'ibus'), ('PWD', '/home/louis/ros2_ws/build/tutorial_interfaces'), ('NABIDOCS', 'https://isaac-sim.github.io/IsaacLab/ https://docs.omniverse.nvidia.com/isaacsim/latest/index.html https://skrl.readthedocs.io/en/latest/ https://nvidia-isaac-ros.github.io/'), ('XDG_CONFIG_DIRS', '/etc/xdg/xdg-ubuntu:/etc/xdg'), ('CONDA_EXE', '/home/louis/miniconda3/bin/conda'), ('XDG_DATA_DIRS', '/usr/share/ubuntu:/usr/share/gnome:/usr/local/share/:/usr/share/:/var/lib/snapd/desktop'), ('PYTHONPATH', '/home/louis/ros2_ws/install/py_srvcli/lib/python3.10/site-packages:/home/louis/ros2_ws/install/py_pubsub/lib/python3.10/site-packages:/home/louis/ros2_ws/install/my_package/lib/python3.10/site-packages:/home/louis/workspaces/ros2_ws/build/launch_testing_examples:/home/louis/workspaces/ros2_ws/install/launch_testing_examples/lib/python3.10/site-packages:/home/louis/workspaces/ros2_ws/build/examples_rclpy_pointcloud_publisher:/home/louis/workspaces/ros2_ws/install/examples_rclpy_pointcloud_publisher/lib/python3.10/site-packages:/home/louis/workspaces/ros2_ws/build/examples_rclpy_minimal_subscriber:/home/louis/workspaces/ros2_ws/install/examples_rclpy_minimal_subscriber/lib/python3.10/site-packages:/home/louis/workspaces/ros2_ws/build/examples_rclpy_minimal_service:/home/louis/workspaces/ros2_ws/install/examples_rclpy_minimal_service/lib/python3.10/site-packages:/home/louis/workspaces/ros2_ws/build/examples_rclpy_minimal_publisher:/home/louis/workspaces/ros2_ws/install/examples_rclpy_minimal_publisher/lib/python3.10/site-packages:/home/louis/workspaces/ros2_ws/build/examples_rclpy_minimal_client:/home/louis/workspaces/ros2_ws/install/examples_rclpy_minimal_client/lib/python3.10/site-packages:/home/louis/workspaces/ros2_ws/build/examples_rclpy_minimal_action_server:/home/louis/workspaces/ros2_ws/install/examples_rclpy_minimal_action_server/lib/python3.10/site-packages:/home/louis/workspaces/ros2_ws/build/examples_rclpy_minimal_action_client:/home/louis/workspaces/ros2_ws/install/examples_rclpy_minimal_action_client/lib/python3.10/site-packages:/home/louis/workspaces/ros2_ws/build/examples_rclpy_guard_conditions:/home/louis/workspaces/ros2_ws/install/examples_rclpy_guard_conditions/lib/python3.10/site-packages:/home/louis/workspaces/ros2_ws/build/examples_rclpy_executors:/home/louis/workspaces/ros2_ws/install/examples_rclpy_executors/lib/python3.10/site-packages:/opt/ros/humble/lib/python3.10/site-packages:/opt/ros/humble/local/lib/python3.10/dist-packages'), ('CONDA_PREFIX', '/home/louis/miniconda3'), ('COLCON', '1'), ('VTE_VERSION', '6800'), ('CMAKE_PREFIX_PATH', '/home/louis/workspaces/ros2_ws/install/examples_rclcpp_wait_set:/home/louis/workspaces/ros2_ws/install/examples_rclcpp_multithreaded_executor:/home/louis/workspaces/ros2_ws/install/examples_rclcpp_minimal_timer:/home/louis/workspaces/ros2_ws/install/examples_rclcpp_minimal_subscriber:/home/louis/workspaces/ros2_ws/install/examples_rclcpp_minimal_service:/home/louis/workspaces/ros2_ws/install/examples_rclcpp_minimal_publisher:/home/louis/workspaces/ros2_ws/install/examples_rclcpp_minimal_composition:/home/louis/workspaces/ros2_ws/install/examples_rclcpp_minimal_client:/home/louis/workspaces/ros2_ws/install/examples_rclcpp_minimal_action_server:/home/louis/workspaces/ros2_ws/install/examples_rclcpp_minimal_action_client:/home/louis/workspaces/ros2_ws/install/examples_rclcpp_cbg_executor:/home/louis/workspaces/ros2_ws/install/examples_rclcpp_async_client:/home/louis/ros2_ws/install/py_srvcli:/home/louis/ros2_ws/install/py_pubsub:/home/louis/ros2_ws/install/my_package:/home/louis/workspaces/ros2_ws/install/launch_testing_examples:/home/louis/workspaces/ros2_ws/install/examples_rclpy_pointcloud_publisher:/home/louis/workspaces/ros2_ws/install/examples_rclpy_minimal_subscriber:/home/louis/workspaces/ros2_ws/install/examples_rclpy_minimal_service:/home/louis/workspaces/ros2_ws/install/examples_rclpy_minimal_publisher:/home/louis/workspaces/ros2_ws/install/examples_rclpy_minimal_client:/home/louis/workspaces/ros2_ws/install/examples_rclpy_minimal_action_server:/home/louis/workspaces/ros2_ws/install/examples_rclpy_minimal_action_client:/home/louis/workspaces/ros2_ws/install/examples_rclpy_guard_conditions:/home/louis/workspaces/ros2_ws/install/examples_rclpy_executors:/opt/ros/humble')]), 'shell': False}
[0.015958] (tutorial_interfaces) StdoutLine: {'line': b'-- Found ament_cmake: 1.3.10 (/opt/ros/humble/share/ament_cmake/cmake)\n'}
[0.099584] (-) TimerEvent: {}
[0.110395] (tutorial_interfaces) StdoutLine: {'line': b'-- Found geometry_msgs: 4.2.4 (/opt/ros/humble/share/geometry_msgs/cmake)\n'}
[0.132308] (tutorial_interfaces) StdoutLine: {'line': b'-- Found rosidl_generator_c: 3.1.5 (/opt/ros/humble/share/rosidl_generator_c/cmake)\n'}
[0.133918] (tutorial_interfaces) StdoutLine: {'line': b'-- Found rosidl_adapter: 3.1.5 (/opt/ros/humble/share/rosidl_adapter/cmake)\n'}
[0.137616] (tutorial_interfaces) StdoutLine: {'line': b'-- Found rosidl_generator_cpp: 3.1.5 (/opt/ros/humble/share/rosidl_generator_cpp/cmake)\n'}
[0.144103] (tutorial_interfaces) StdoutLine: {'line': b'-- Using all available rosidl_typesupport_c: rosidl_typesupport_fastrtps_c;rosidl_typesupport_introspection_c\n'}
[0.152277] (tutorial_interfaces) StdoutLine: {'line': b'-- Using all available rosidl_typesupport_cpp: rosidl_typesupport_fastrtps_cpp;rosidl_typesupport_introspection_cpp\n'}
[0.175114] (tutorial_interfaces) StdoutLine: {'line': b'-- Found rosidl_default_generators: 1.2.0 (/opt/ros/humble/share/rosidl_default_generators/cmake)\n'}
[0.199642] (-) TimerEvent: {}
[0.253330] (tutorial_interfaces) StderrLine: {'line': b'\x1b[31mCMake Error at /opt/ros/humble/share/rosidl_adapter/cmake/rosidl_adapt_interfaces.cmake:59 (message):\n'}
[0.253486] (tutorial_interfaces) StderrLine: {'line': b'  execute_process(/home/louis/miniconda3/bin/python3 -m rosidl_adapter\n'}
[0.253547] (tutorial_interfaces) StderrLine: {'line': b'  --package-name tutorial_interfaces --arguments-file\n'}
[0.253599] (tutorial_interfaces) StderrLine: {'line': b'  /home/louis/ros2_ws/build/tutorial_interfaces/rosidl_adapter__arguments__tutorial_interfaces.json\n'}
[0.253649] (tutorial_interfaces) StderrLine: {'line': b'  --output-dir\n'}
[0.253693] (tutorial_interfaces) StderrLine: {'line': b'  /home/louis/ros2_ws/build/tutorial_interfaces/rosidl_adapter/tutorial_interfaces\n'}
[0.253738] (tutorial_interfaces) StderrLine: {'line': b'  --output-file\n'}
[0.253781] (tutorial_interfaces) StderrLine: {'line': b'  /home/louis/ros2_ws/build/tutorial_interfaces/rosidl_adapter/tutorial_interfaces.idls)\n'}
[0.253822] (tutorial_interfaces) StderrLine: {'line': b'  returned error code 1:\n'}
[0.253863] (tutorial_interfaces) StderrLine: {'line': b'\n'}
[0.253903] (tutorial_interfaces) StderrLine: {'line': b"  AttributeError processing template 'msg.idl.em'\n"}
[0.253943] (tutorial_interfaces) StderrLine: {'line': b'\n'}
[0.253985] (tutorial_interfaces) StderrLine: {'line': b'  Traceback (most recent call last):\n'}
[0.254026] (tutorial_interfaces) StderrLine: {'line': b'\n'}
[0.254067] (tutorial_interfaces) StderrLine: {'line': b'    File "/opt/ros/humble/local/lib/python3.10/dist-packages/rosidl_adapter/resource/__init__.py", line 48, in evaluate_template\n'}
[0.254111] (tutorial_interfaces) StderrLine: {'line': b'      _interpreter = em.Interpreter(\n'}
[0.254196] (tutorial_interfaces) StderrLine: {'line': b'                     ^^^^^^^^^^^^^^\n'}
[0.254239] (tutorial_interfaces) StderrLine: {'line': b'\n'}
[0.254276] (tutorial_interfaces) StderrLine: {'line': b"  AttributeError: module 'em' has no attribute 'Interpreter'\n"}
[0.254313] (tutorial_interfaces) StderrLine: {'line': b'\n'}
[0.254349] (tutorial_interfaces) StderrLine: {'line': b'  \n'}
[0.254383] (tutorial_interfaces) StderrLine: {'line': b'\n'}
[0.254417] (tutorial_interfaces) StderrLine: {'line': b'  During handling of the above exception, another exception occurred:\n'}
[0.254452] (tutorial_interfaces) StderrLine: {'line': b'\n'}
[0.254486] (tutorial_interfaces) StderrLine: {'line': b'  \n'}
[0.254520] (tutorial_interfaces) StderrLine: {'line': b'\n'}
[0.254559] (tutorial_interfaces) StderrLine: {'line': b'  Traceback (most recent call last):\n'}
[0.254594] (tutorial_interfaces) StderrLine: {'line': b'\n'}
[0.254628] (tutorial_interfaces) StderrLine: {'line': b'    File "<frozen runpy>", line 198, in _run_module_as_main\n'}
[0.254663] (tutorial_interfaces) StderrLine: {'line': b'    File "<frozen runpy>", line 88, in _run_code\n'}
[0.254697] (tutorial_interfaces) StderrLine: {'line': b'    File "/opt/ros/humble/local/lib/python3.10/dist-packages/rosidl_adapter/__main__.py", line 19, in <module>\n'}
[0.254732] (tutorial_interfaces) StderrLine: {'line': b'      sys.exit(main())\n'}
[0.254768] (tutorial_interfaces) StderrLine: {'line': b'               ^^^^^^\n'}
[0.254802] (tutorial_interfaces) StderrLine: {'line': b'    File "/opt/ros/humble/local/lib/python3.10/dist-packages/rosidl_adapter/main.py", line 53, in main\n'}
[0.254837] (tutorial_interfaces) StderrLine: {'line': b'      abs_idl_file = convert_to_idl(\n'}
[0.254874] (tutorial_interfaces) StderrLine: {'line': b'                     ^^^^^^^^^^^^^^^\n'}
[0.254910] (tutorial_interfaces) StderrLine: {'line': b'    File "/opt/ros/humble/local/lib/python3.10/dist-packages/rosidl_adapter/__init__.py", line 19, in convert_to_idl\n'}
[0.254945] (tutorial_interfaces) StderrLine: {'line': b'      return convert_msg_to_idl(\n'}
[0.254981] (tutorial_interfaces) StderrLine: {'line': b'             ^^^^^^^^^^^^^^^^^^^\n'}
[0.255016] (tutorial_interfaces) StderrLine: {'line': b'    File "/opt/ros/humble/local/lib/python3.10/dist-packages/rosidl_adapter/msg/__init__.py", line 39, in convert_msg_to_idl\n'}
[0.255051] (tutorial_interfaces) StderrLine: {'line': b"      expand_template('msg.idl.em', data, output_file, encoding='iso-8859-1')\n"}
[0.255099] (tutorial_interfaces) StderrLine: {'line': b'    File "/opt/ros/humble/local/lib/python3.10/dist-packages/rosidl_adapter/resource/__init__.py", line 23, in expand_template\n'}
[0.255148] (tutorial_interfaces) StderrLine: {'line': b'      content = evaluate_template(template_name, data)\n'}
[0.255190] (tutorial_interfaces) StderrLine: {'line': b'                ^^^^^^^^^^^^^^^^^^^^^^^^^^^^^^^^^^^^^^\n'}
[0.255227] (tutorial_interfaces) StderrLine: {'line': b'    File "/opt/ros/humble/local/lib/python3.10/dist-packages/rosidl_adapter/resource/__init__.py", line 69, in evaluate_template\n'}
[0.255263] (tutorial_interfaces) StderrLine: {'line': b'      _interpreter.shutdown()\n'}
[0.255299] (tutorial_interfaces) StderrLine: {'line': b'      ^^^^^^^^^^^^^^^^^^^^^\n'}
[0.255334] (tutorial_interfaces) StderrLine: {'line': b'\n'}
[0.255369] (tutorial_interfaces) StderrLine: {'line': b"  AttributeError: 'NoneType' object has no attribute 'shutdown'\n"}
[0.255403] (tutorial_interfaces) StderrLine: {'line': b'\n'}
[0.255438] (tutorial_interfaces) StderrLine: {'line': b'Call Stack (most recent call first):\n'}
[0.255472] (tutorial_interfaces) StderrLine: {'line': b'  /opt/ros/humble/share/rosidl_cmake/cmake/rosidl_generate_interfaces.cmake:130 (rosidl_adapt_interfaces)\n'}
[0.255507] (tutorial_interfaces) StderrLine: {'line': b'  CMakeLists.txt:13 (rosidl_generate_interfaces)\n'}
[0.255542] (tutorial_interfaces) StderrLine: {'line': b'\n'}
[0.255577] (tutorial_interfaces) StderrLine: {'line': b'\x1b[0m\n'}
[0.255611] (tutorial_interfaces) StdoutLine: {'line': b'-- Configuring incomplete, errors occurred!\n'}
[0.255654] (tutorial_interfaces) StdoutLine: {'line': b'See also "/home/louis/ros2_ws/build/tutorial_interfaces/CMakeFiles/CMakeOutput.log".\n'}
[0.258413] (tutorial_interfaces) CommandEnded: {'returncode': 1}
[0.272245] (tutorial_interfaces) JobEnded: {'identifier': 'tutorial_interfaces', 'rc': 1}
[0.282510] (-) EventReactorShutdown: {}
